[INFO] Scanning for projects...
[WARNING] 
[WARNING] Some problems were encountered while building the effective model for org.example:resolvebiosciences:jar:1.0-SNAPSHOT
[WARNING] 'dependencies.dependency.version' for org.junit.jupiter:junit-jupiter:jar is either LATEST or RELEASE (both of them are being deprecated) @ line 25, column 16
[WARNING] 
[WARNING] It is highly recommended to fix these problems because they threaten the stability of your build.
[WARNING] 
[WARNING] For this reason, future Maven versions might no longer support building such malformed projects.
[WARNING] 
[INFO] 
[INFO] -------------------< org.example:resolvebiosciences >-------------------
[INFO] Building resolvebiosciences 1.0-SNAPSHOT
[INFO] --------------------------------[ jar ]---------------------------------
[INFO] 
[INFO] --- exec-maven-plugin:3.0.0:java (default-cli) @ resolvebiosciences ---
TTAAGC
TACTGC
CAAACG
TGAGTA
TATATG
GGACGC
ATTCGC
ATAGCC
CGACAG
CCGCAT
AACGTC
TCCCCC
AACTCA
AAGATT
AATCAG
CGCTCG
TAAAAT
GTTGCT
TACCTA
GTGCCG
TCCGGT
ACTCCA
GCGGGC
TTCGCA
TTGCTT
CTCGAT
CTAATA
ATGTGG
GCACTA
GCTGTG
GGTAAG
ATCACG
GCCCAG
GTGATC
CATTCT
CCATCC
TAGACA
AGTATA
ACATAA
AGGCAC
TCTAAA
CCGATG
TTGGAG
AGATTT
TTACAA
TATGGA
GGTTCC
GTCTTA
AGGGCG
GGGGTT
AGCGAA
CTTTAC
CCTCGG
CTACGT
CAGCGC
CGGTGA
GCCAGA
GTATAG
ACAACT
TGCATT
CAGTAG
TGTTGG
CCAGTT
CGTCTT
GATTAA
GACACT
CTCCTC
AGCAGC
AAAAGA
ACAGGG
CCTTTA
GGCTGT
TGATAC
GTCGGG
GGAACA
ACCTTG
AATACC
ACTTGT
ATTAAT
AGCCCT
CACAAA
TTATCT
GAGAGG
CAAGAC
CTGACT
ATACTG
CCGGCA
TAACGG
TTTGTC
GATCGT
GAATTC
ACTGAC
TCGCGA
TCGTCG
ATGGTA
TGTGAT
[INFO] ------------------------------------------------------------------------
[INFO] BUILD SUCCESS
[INFO] ------------------------------------------------------------------------
[INFO] Total time:  1.291 s
[INFO] Finished at: 2021-07-29T20:42:25+02:00
[INFO] ------------------------------------------------------------------------
